<?xml version="1.0" encoding="UTF-8"?>
<testsuite name="lastgitcheck.app.server.service.appbasicsetup.userrolemanagement.UserRoleBridgeTestCase" tests="7" skipped="0" failures="0" errors="0" timestamp="2016-05-25T06:44:20" hostname="330ed4eaf529" time="25.202">
  <properties/>
  <testcase name="test1Save" classname="lastgitcheck.app.server.service.appbasicsetup.userrolemanagement.UserRoleBridgeTestCase" time="24.613"/>
  <testcase name="test2Update" classname="lastgitcheck.app.server.service.appbasicsetup.userrolemanagement.UserRoleBridgeTestCase" time="0.022"/>
  <testcase name="test3FindById" classname="lastgitcheck.app.server.service.appbasicsetup.userrolemanagement.UserRoleBridgeTestCase" time="0.008"/>
  <testcase name="test3findByroleId" classname="lastgitcheck.app.server.service.appbasicsetup.userrolemanagement.UserRoleBridgeTestCase" time="0.015"/>
  <testcase name="test3findByuserId" classname="lastgitcheck.app.server.service.appbasicsetup.userrolemanagement.UserRoleBridgeTestCase" time="0.013"/>
  <testcase name="test5NegativeTesting" classname="lastgitcheck.app.server.service.appbasicsetup.userrolemanagement.UserRoleBridgeTestCase" time="0.006"/>
  <testcase name="test6Delete" classname="lastgitcheck.app.server.service.appbasicsetup.userrolemanagement.UserRoleBridgeTestCase" time="0.523"/>
  <system-out><![CDATA[Wed May 25 06:44:20 UTC 2016|Log Manager Factory|Initialization Process started.....
Wed May 25 06:44:20 UTC 2016|Log Manager|Initialized with Path = [/home/applifire/workspace/lastgitcheck/src/main/webapp/WEB-INF/conf]
Wed May 25 06:44:20 UTC 2016|Alarm Manager|Initialized with Path = [/home/applifire/workspace/lastgitcheck/src/main/webapp/WEB-INF/conf]
Wed May 25 06:44:20 UTC 2016|Alarm Manager|Loading Alarms ......
Wed May 25 06:44:20 UTC 2016|Alarm XML Parser|FWA|XML Parsing Complete........ 
Wed May 25 06:44:20 UTC 2016|Alarm File Manager|FWA|Alarm File Status.. [ApplicationFrameworkAlarms.xml]|Version=15|Status=Done 
Wed May 25 06:44:20 UTC 2016|Alarm File Manager|FWA|Alarm Stats = ( BC/AL=4/538 SYS=4/10 [538/0]  TPL=0/0 [0/0]  APP= A.Map=[538]  E.Map EC/RC=[231/66] )
Wed May 25 06:44:20 UTC 2016|Alarm XML Parser|APP|XML Parsing Complete........ 
Wed May 25 06:44:20 UTC 2016|Alarm File Manager|APP|Alarm File Status.. [ApplicationAlarms.xml]|Version=1|Status=Done 
Wed May 25 06:44:20 UTC 2016|Alarm File Manager|APP|Alarm Stats = ( BC/AL=4/538 SYS=4/10 [538/0]  TPL=0/0 [0/0]  APP=0/0 [0/0]  A.Map=[538]  E.Map EC/RC=[231/66] )
Wed May 25 06:44:20 UTC 2016|ApplicationAlarmContext| <><><><><> Create App Alarms ....  <><><><><> 
Wed May 25 06:44:20 UTC 2016|ApplicationAlarmContext|Alarms are generated ONLY in Development Mode.. 
Wed May 25 06:44:20 UTC 2016|Alarm Manager|APP|Alarm Stats = ( BC/AL=4/538 SYS=4/10 [538/0]  TPL=0/0 [0/0]  APP=0/0 [0/0]  A.Map=[538]  E.Map EC/RC=[231/66] )
Wed May 25 06:44:20 UTC 2016|Alarm Manager|Initialized Exception Lookup...
Wed May 25 06:44:20 UTC 2016|Log Manager|Initialize Log Config File ......
Wed May 25 06:44:20 UTC 2016|Pluggable Connectors|Adding Connectors : StandardOutputConnector isEnabled=true isDefault=false isFallBack=true
Wed May 25 06:44:20 UTC 2016|Pluggable Connectors|Adding Connectors : StandardFileConnector isEnabled=true isDefault=false isFallBack=false
Wed May 25 06:44:20 UTC 2016|Pluggable Connectors|Adding Connectors : Sprinkler isEnabled=true isDefault=true isFallBack=false
Wed May 25 06:44:20 UTC 2016|Pluggable Connectors|Default Connector Name : com.spartan.logger.core.LogMessenger
Wed May 25 06:44:20 UTC 2016|Log Config Parser|Connector Least Log Level =[4]  FallBack Log Level =[3]
Wed May 25 06:44:20 UTC 2016|Log Manager|Loading Default Connector for Logging ......
Wed May 25 06:44:20 UTC 2016|Log Manager|Loading class .. com.spartan.logger.core.LogMessenger
Wed May 25 06:44:20 UTC 2016|Plugggable Connector|Connector class com.spartan.logger.core.LogMessenger Initialized... @ Log Level = 3
Wed May 25 06:44:20 UTC 2016|Log Manager|Starting the Default Connector [com.spartan.logger.core.LogMessenger@49b880ae] ....
Wed May 25 06:44:20 UTC 2016|Scheduler|Starting the Scheduler ......
Wed May 25 06:44:20 UTC 2016|Scheduler|Adding [LMID=[764bcfeb-67bc-4c78-8139-2e7349323050]] Delay=5 Time Unit=MINUTES
Wed May 25 06:44:20 UTC 2016|Scheduler|Adding [App Alarm Manager File=[ApplicationAlarms.xml]] Delay=30 Time Unit=MINUTES
Wed May 25 06:44:20 UTC 2016|Scheduler|Adding [FW Alarm Manager File=[ApplicationFrameworkAlarms.xml]] Delay=3 Time Unit=MINUTES
Wed May 25 06:44:20 UTC 2016|Scheduler|Startup Completed..
Wed May 25 06:44:20 UTC 2016|Log Manager|Initialization Process Complete ......
Wed May 25 06:44:20 UTC 2016|Log Manager Factory|Log Manager READY! ID = 764bcfeb-67bc-4c78-8139-2e7349323050
[EL Config]: metadata: 2016-05-25 06:44:27.634--ServerSession(2050651705)--Thread(Thread[Test worker,5,main])--The access type for the persistent class [class lastgitcheck.app.shared.organization.locationmanagement.Address] is set to [FIELD].
[EL Config]: metadata: 2016-05-25 06:44:27.658--ServerSession(2050651705)--Thread(Thread[Test worker,5,main])--The access type for the persistent class [class lastgitcheck.app.shared.appbasicsetup.usermanagement.UserAccessLevel] is set to [FIELD].
[EL Config]: metadata: 2016-05-25 06:44:27.659--ServerSession(2050651705)--Thread(Thread[Test worker,5,main])--The access type for the persistent class [class com.spartan.healthmeter.entity.ArtHealthStatusConfiguration] is set to [FIELD].
[EL Config]: metadata: 2016-05-25 06:44:27.66--ServerSession(2050651705)--Thread(Thread[Test worker,5,main])--The access type for the persistent class [class lastgitcheck.app.shared.organization.contactmanagement.ContactType] is set to [FIELD].
[EL Config]: metadata: 2016-05-25 06:44:27.661--ServerSession(2050651705)--Thread(Thread[Test worker,5,main])--The access type for the persistent class [class lastgitcheck.app.shared.organization.locationmanagement.Country] is set to [FIELD].
[EL Config]: metadata: 2016-05-25 06:44:27.662--ServerSession(2050651705)--Thread(Thread[Test worker,5,main])--The access type for the persistent class [class lastgitcheck.app.shared.appbasicsetup.usermanagement.Login] is set to [FIELD].
[EL Config]: metadata: 2016-05-25 06:44:27.667--ServerSession(2050651705)--Thread(Thread[Test worker,5,main])--The target entity (reference) class for the one to one mapping element [field coreContacts] is being defaulted to: class lastgitcheck.app.shared.organization.contactmanagement.CoreContacts.
[EL Config]: metadata: 2016-05-25 06:44:27.668--ServerSession(2050651705)--Thread(Thread[Test worker,5,main])--The target entity (reference) class for the one to one mapping element [field user] is being defaulted to: class lastgitcheck.app.shared.appbasicsetup.usermanagement.User.
[EL Config]: metadata: 2016-05-25 06:44:27.668--ServerSession(2050651705)--Thread(Thread[Test worker,5,main])--The access type for the persistent class [class lastgitcheck.app.shared.organization.locationmanagement.State] is set to [FIELD].
[EL Config]: metadata: 2016-05-25 06:44:27.669--ServerSession(2050651705)--Thread(Thread[Test worker,5,main])--The access type for the persistent class [class lastgitcheck.app.shared.organization.locationmanagement.Language] is set to [FIELD].
[EL Config]: metadata: 2016-05-25 06:44:27.67--ServerSession(2050651705)--Thread(Thread[Test worker,5,main])--The access type for the persistent class [class lastgitcheck.app.shared.appinsight.alarms.ArtLogSeverity] is set to [FIELD].
[EL Config]: metadata: 2016-05-25 06:44:27.671--ServerSession(2050651705)--Thread(Thread[Test worker,5,main])--The access type for the persistent class [class lastgitcheck.app.shared.organization.locationmanagement.City] is set to [FIELD].
[EL Config]: metadata: 2016-05-25 06:44:27.672--ServerSession(2050651705)--Thread(Thread[Test worker,5,main])--The access type for the persistent class [class com.spartan.healthmeter.entity.ZenHealthGauge] is set to [FIELD].
[EL Config]: metadata: 2016-05-25 06:44:27.673--ServerSession(2050651705)--Thread(Thread[Test worker,5,main])--The access type for the persistent class [class lastgitcheck.app.shared.appbasicsetup.usermanagement.ArtPasswordAlgorithm] is set to [FIELD].
[EL Config]: metadata: 2016-05-25 06:44:27.674--ServerSession(2050651705)--Thread(Thread[Test worker,5,main])--The access type for the persistent class [class com.athena.shared.pluggable.entity.AuditPropertiesEntity] is set to [FIELD].
[EL Config]: metadata: 2016-05-25 06:44:27.677--ServerSession(2050651705)--Thread(Thread[Test worker,5,main])--The access type for the persistent class [class lastgitcheck.app.shared.appbasicsetup.usermanagement.ArtAppNotificationTemplate] is set to [FIELD].
[EL Config]: metadata: 2016-05-25 06:44:27.678--ServerSession(2050651705)--Thread(Thread[Test worker,5,main])--The access type for the persistent class [class lastgitcheck.app.shared.appbasicsetup.usermanagement.Question] is set to [FIELD].
[EL Config]: metadata: 2016-05-25 06:44:27.679--ServerSession(2050651705)--Thread(Thread[Test worker,5,main])--The access type for the persistent class [class lastgitcheck.app.shared.appbasicsetup.userrolemanagement.Roles] is set to [FIELD].
[EL Config]: metadata: 2016-05-25 06:44:27.684--ServerSession(2050651705)--Thread(Thread[Test worker,5,main])--The target entity (reference) class for the one to many mapping element [field roleMenuBridge] is being defaulted to: class lastgitcheck.app.shared.appbasicsetup.userrolemanagement.RoleMenuBridge.
[EL Config]: metadata: 2016-05-25 06:44:27.684--ServerSession(2050651705)--Thread(Thread[Test worker,5,main])--The access type for the persistent class [class lastgitcheck.app.shared.appinsight.alarms.ArtLogEventAction] is set to [FIELD].
[EL Config]: metadata: 2016-05-25 06:44:27.685--ServerSession(2050651705)--Thread(Thread[Test worker,5,main])--The access type for the persistent class [class lastgitcheck.app.shared.appbasicsetup.userrolemanagement.AppMenus] is set to [FIELD].
[EL Config]: metadata: 2016-05-25 06:44:27.686--ServerSession(2050651705)--Thread(Thread[Test worker,5,main])--The access type for the persistent class [class lastgitcheck.app.shared.organization.contactmanagement.Gender] is set to [FIELD].
[EL Config]: metadata: 2016-05-25 06:44:27.687--ServerSession(2050651705)--Thread(Thread[Test worker,5,main])--The access type for the persistent class [class lastgitcheck.app.shared.appbasicsetup.usermanagement.UserData] is set to [FIELD].
[EL Config]: metadata: 2016-05-25 06:44:27.688--ServerSession(2050651705)--Thread(Thread[Test worker,5,main])--The target entity (reference) class for the one to one mapping element [field user] is being defaulted to: class lastgitcheck.app.shared.appbasicsetup.usermanagement.User.
[EL Config]: metadata: 2016-05-25 06:44:27.688--ServerSession(2050651705)--Thread(Thread[Test worker,5,main])--The access type for the persistent class [class lastgitcheck.app.shared.appinsight.alarms.ArtLogConfig] is set to [FIELD].
[EL Config]: metadata: 2016-05-25 06:44:27.689--ServerSession(2050651705)--Thread(Thread[Test worker,5,main])--The access type for the persistent class [class lastgitcheck.app.shared.organization.locationmanagement.AddressType] is set to [FIELD].
[EL Config]: metadata: 2016-05-25 06:44:27.689--ServerSession(2050651705)--Thread(Thread[Test worker,5,main])--The access type for the persistent class [class com.spartan.healthmeter.entity.HealthSchedulerConfiguration] is set to [FIELD].
[EL Config]: metadata: 2016-05-25 06:44:27.69--ServerSession(2050651705)--Thread(Thread[Test worker,5,main])--The access type for the persistent class [class lastgitcheck.app.shared.organization.contactmanagement.CommunicationData] is set to [FIELD].
[EL Config]: metadata: 2016-05-25 06:44:27.691--ServerSession(2050651705)--Thread(Thread[Test worker,5,main])--The access type for the persistent class [class com.spartan.healthmeter.entity.ZenSchedulerHealth] is set to [FIELD].
[EL Config]: metadata: 2016-05-25 06:44:27.693--ServerSession(2050651705)--Thread(Thread[Test worker,5,main])--The access type for the persistent class [class lastgitcheck.app.shared.appbasicsetup.usermanagement.User] is set to [FIELD].
[EL Config]: metadata: 2016-05-25 06:44:27.693--ServerSession(2050651705)--Thread(Thread[Test worker,5,main])--The target entity (reference) class for the one to one mapping element [field userData] is being defaulted to: class lastgitcheck.app.shared.appbasicsetup.usermanagement.UserData.
[EL Config]: metadata: 2016-05-25 06:44:27.694--ServerSession(2050651705)--Thread(Thread[Test worker,5,main])--The target entity (reference) class for the one to many mapping element [field passRecovery] is being defaulted to: class lastgitcheck.app.shared.appbasicsetup.usermanagement.PassRecovery.
[EL Config]: metadata: 2016-05-25 06:44:27.695--ServerSession(2050651705)--Thread(Thread[Test worker,5,main])--The access type for the persistent class [class lastgitcheck.app.shared.appbasicsetup.userrolemanagement.RoleMenuBridge] is set to [FIELD].
[EL Config]: metadata: 2016-05-25 06:44:27.695--ServerSession(2050651705)--Thread(Thread[Test worker,5,main])--The target entity (reference) class for the one to one mapping element [field roles] is being defaulted to: class lastgitcheck.app.shared.appbasicsetup.userrolemanagement.Roles.
[EL Config]: metadata: 2016-05-25 06:44:27.696--ServerSession(2050651705)--Thread(Thread[Test worker,5,main])--The access type for the persistent class [class lastgitcheck.app.shared.organization.locationmanagement.Timezone] is set to [FIELD].
[EL Config]: metadata: 2016-05-25 06:44:27.697--ServerSession(2050651705)--Thread(Thread[Test worker,5,main])--The access type for the persistent class [class lastgitcheck.app.shared.appinsight.alarms.ArtLogStatus] is set to [FIELD].
[EL Config]: metadata: 2016-05-25 06:44:27.697--ServerSession(2050651705)--Thread(Thread[Test worker,5,main])--The access type for the persistent class [class lastgitcheck.app.shared.appbasicsetup.usermanagement.PasswordPolicy] is set to [FIELD].
[EL Config]: metadata: 2016-05-25 06:44:27.698--ServerSession(2050651705)--Thread(Thread[Test worker,5,main])--The access type for the persistent class [class lastgitcheck.app.shared.appbasicsetup.usermanagement.PasswordAlgo] is set to [FIELD].
[EL Config]: metadata: 2016-05-25 06:44:27.699--ServerSession(2050651705)--Thread(Thread[Test worker,5,main])--The access type for the persistent class [class lastgitcheck.app.shared.appbasicsetup.userrolemanagement.UserRoleBridge] is set to [FIELD].
[EL Config]: metadata: 2016-05-25 06:44:27.699--ServerSession(2050651705)--Thread(Thread[Test worker,5,main])--The access type for the persistent class [class lastgitcheck.app.shared.appinsight.alarms.ArtLogArchitectureLayer] is set to [FIELD].
[EL Config]: metadata: 2016-05-25 06:44:27.7--ServerSession(2050651705)--Thread(Thread[Test worker,5,main])--The access type for the persistent class [class lastgitcheck.app.shared.organization.contactmanagement.CommunicationGroup] is set to [FIELD].
[EL Config]: metadata: 2016-05-25 06:44:27.7--ServerSession(2050651705)--Thread(Thread[Test worker,5,main])--The access type for the persistent class [class com.spartan.healthmeter.entity.ZenHealthStatus] is set to [FIELD].
[EL Config]: metadata: 2016-05-25 06:44:27.701--ServerSession(2050651705)--Thread(Thread[Test worker,5,main])--The access type for the persistent class [class lastgitcheck.app.shared.appbasicsetup.usermanagement.SessionData] is set to [FIELD].
[EL Config]: metadata: 2016-05-25 06:44:27.702--ServerSession(2050651705)--Thread(Thread[Test worker,5,main])--The access type for the persistent class [class lastgitcheck.app.shared.organization.contactmanagement.CoreContacts] is set to [FIELD].
[EL Config]: metadata: 2016-05-25 06:44:27.703--ServerSession(2050651705)--Thread(Thread[Test worker,5,main])--The target entity (reference) class for the one to one mapping element [field timezone] is being defaulted to: class lastgitcheck.app.shared.organization.locationmanagement.Timezone.
[EL Config]: metadata: 2016-05-25 06:44:27.704--ServerSession(2050651705)--Thread(Thread[Test worker,5,main])--The target entity (reference) class for the one to many mapping element [field address] is being defaulted to: class lastgitcheck.app.shared.organization.locationmanagement.Address.
[EL Config]: metadata: 2016-05-25 06:44:27.704--ServerSession(2050651705)--Thread(Thread[Test worker,5,main])--The target entity (reference) class for the one to many mapping element [field communicationData] is being defaulted to: class lastgitcheck.app.shared.organization.contactmanagement.CommunicationData.
[EL Config]: metadata: 2016-05-25 06:44:27.705--ServerSession(2050651705)--Thread(Thread[Test worker,5,main])--The access type for the persistent class [class lastgitcheck.app.shared.appbasicsetup.usermanagement.LoginSession] is set to [FIELD].
[EL Config]: metadata: 2016-05-25 06:44:27.706--ServerSession(2050651705)--Thread(Thread[Test worker,5,main])--The access type for the persistent class [class lastgitcheck.app.shared.organization.contactmanagement.Title] is set to [FIELD].
[EL Config]: metadata: 2016-05-25 06:44:27.706--ServerSession(2050651705)--Thread(Thread[Test worker,5,main])--The access type for the persistent class [class lastgitcheck.app.shared.appinsight.alarms.ArtLogEvents] is set to [FIELD].
[EL Config]: metadata: 2016-05-25 06:44:27.708--ServerSession(2050651705)--Thread(Thread[Test worker,5,main])--The access type for the persistent class [class com.spartan.healthmeter.entity.ArtHealthSchedulerConfiguration] is set to [FIELD].
[EL Config]: metadata: 2016-05-25 06:44:27.709--ServerSession(2050651705)--Thread(Thread[Test worker,5,main])--The access type for the persistent class [class com.spartan.healthmeter.entity.ZenRequestDetails] is set to [FIELD].
[EL Config]: metadata: 2016-05-25 06:44:27.71--ServerSession(2050651705)--Thread(Thread[Test worker,5,main])--The access type for the persistent class [class com.athena.shared.pluggable.entity.ArtEntity] is set to [FIELD].
[EL Config]: metadata: 2016-05-25 06:44:27.711--ServerSession(2050651705)--Thread(Thread[Test worker,5,main])--The access type for the persistent class [class com.athena.shared.dataengine.report.ArtReportUI] is set to [FIELD].
[EL Config]: metadata: 2016-05-25 06:44:27.713--ServerSession(2050651705)--Thread(Thread[Test worker,5,main])--The access type for the persistent class [class lastgitcheck.app.shared.appbasicsetup.usermanagement.ArtPasswordPolicy] is set to [FIELD].
[EL Config]: metadata: 2016-05-25 06:44:27.714--ServerSession(2050651705)--Thread(Thread[Test worker,5,main])--The access type for the persistent class [class lastgitcheck.app.shared.appbasicsetup.usermanagement.UserAccessDomain] is set to [FIELD].
[EL Config]: metadata: 2016-05-25 06:44:27.714--ServerSession(2050651705)--Thread(Thread[Test worker,5,main])--The access type for the persistent class [class com.spartan.healthmeter.entity.ZenHealthCounter] is set to [FIELD].
[EL Config]: metadata: 2016-05-25 06:44:27.715--ServerSession(2050651705)--Thread(Thread[Test worker,5,main])--The access type for the persistent class [class com.spartan.healthmeter.entity.ZenHealth] is set to [FIELD].
[EL Config]: metadata: 2016-05-25 06:44:27.718--ServerSession(2050651705)--Thread(Thread[Test worker,5,main])--The access type for the persistent class [class com.spartan.server.session.entity.AppSessionConfig] is set to [FIELD].
[EL Config]: metadata: 2016-05-25 06:44:27.719--ServerSession(2050651705)--Thread(Thread[Test worker,5,main])--The access type for the persistent class [class lastgitcheck.app.shared.appbasicsetup.aaa.ArtUserLastStatus] is set to [FIELD].
[EL Config]: metadata: 2016-05-25 06:44:27.72--ServerSession(2050651705)--Thread(Thread[Test worker,5,main])--The access type for the persistent class [class lastgitcheck.app.shared.appbasicsetup.usermanagement.PassRecovery] is set to [FIELD].
[EL Config]: metadata: 2016-05-25 06:44:27.721--ServerSession(2050651705)--Thread(Thread[Test worker,5,main])--The target entity (reference) class for the one to one mapping element [field user] is being defaulted to: class lastgitcheck.app.shared.appbasicsetup.usermanagement.User.
[EL Config]: metadata: 2016-05-25 06:44:27.721--ServerSession(2050651705)--Thread(Thread[Test worker,5,main])--The access type for the persistent class [class lastgitcheck.app.shared.organization.contactmanagement.CommunicationType] is set to [FIELD].
[EL Config]: metadata: 2016-05-25 06:44:27.722--ServerSession(2050651705)--Thread(Thread[Test worker,5,main])--The access type for the persistent class [class lastgitcheck.app.shared.appinsight.alarms.ArtLogAlarm] is set to [FIELD].
[EL Config]: metadata: 2016-05-25 06:44:27.723--ServerSession(2050651705)--Thread(Thread[Test worker,5,main])--The access type for the persistent class [class com.athena.shared.dataengine.query.ArtQuery] is set to [FIELD].
[EL Config]: metadata: 2016-05-25 06:44:27.724--ServerSession(2050651705)--Thread(Thread[Test worker,5,main])--The access type for the persistent class [class com.spartan.healthmeter.shared.EntityAudit] is set to [FIELD].
[EL Config]: metadata: 2016-05-25 06:44:27.726--ServerSession(2050651705)--Thread(Thread[Test worker,5,main])--The access type for the persistent class [class com.spartan.healthmeter.shared.SystemInfo] is set to [FIELD].
[EL Config]: metadata: 2016-05-25 06:44:27.726--ServerSession(2050651705)--Thread(Thread[Test worker,5,main])--The access type for the persistent class [class lastgitcheck.app.shared.SystemInfo] is set to [FIELD].
[EL Config]: metadata: 2016-05-25 06:44:27.727--ServerSession(2050651705)--Thread(Thread[Test worker,5,main])--The access type for the persistent class [class lastgitcheck.app.shared.EntityAudit] is set to [FIELD].
[EL Config]: metadata: 2016-05-25 06:44:27.737--ServerSession(2050651705)--Thread(Thread[Test worker,5,main])--The alias name for the entity class [class lastgitcheck.app.shared.organization.locationmanagement.Address] is being defaulted to: Address.
[EL Config]: metadata: 2016-05-25 06:44:27.75--ServerSession(2050651705)--Thread(Thread[Test worker,5,main])--The alias name for the entity class [class lastgitcheck.app.shared.appbasicsetup.usermanagement.UserAccessLevel] is being defaulted to: UserAccessLevel.
[EL Config]: metadata: 2016-05-25 06:44:27.751--ServerSession(2050651705)--Thread(Thread[Test worker,5,main])--The alias name for the entity class [class com.spartan.healthmeter.entity.ArtHealthStatusConfiguration] is being defaulted to: ArtHealthStatusConfiguration.
[EL Config]: metadata: 2016-05-25 06:44:27.751--ServerSession(2050651705)--Thread(Thread[Test worker,5,main])--The alias name for the entity class [class lastgitcheck.app.shared.organization.contactmanagement.ContactType] is being defaulted to: ContactType.
[EL Config]: metadata: 2016-05-25 06:44:27.752--ServerSession(2050651705)--Thread(Thread[Test worker,5,main])--The alias name for the entity class [class lastgitcheck.app.shared.organization.locationmanagement.Country] is being defaulted to: Country.
[EL Config]: metadata: 2016-05-25 06:44:27.753--ServerSession(2050651705)--Thread(Thread[Test worker,5,main])--The alias name for the entity class [class lastgitcheck.app.shared.appbasicsetup.usermanagement.Login] is being defaulted to: Login.
[EL Config]: metadata: 2016-05-25 06:44:27.753--ServerSession(2050651705)--Thread(Thread[Test worker,5,main])--The alias name for the entity class [class lastgitcheck.app.shared.organization.locationmanagement.State] is being defaulted to: State.
[EL Config]: metadata: 2016-05-25 06:44:27.754--ServerSession(2050651705)--Thread(Thread[Test worker,5,main])--The alias name for the entity class [class lastgitcheck.app.shared.organization.locationmanagement.Language] is being defaulted to: Language.
[EL Config]: metadata: 2016-05-25 06:44:27.755--ServerSession(2050651705)--Thread(Thread[Test worker,5,main])--The alias name for the entity class [class lastgitcheck.app.shared.appinsight.alarms.ArtLogSeverity] is being defaulted to: ArtLogSeverity.
[EL Config]: metadata: 2016-05-25 06:44:27.755--ServerSession(2050651705)--Thread(Thread[Test worker,5,main])--The alias name for the entity class [class lastgitcheck.app.shared.organization.locationmanagement.City] is being defaulted to: City.
[EL Config]: metadata: 2016-05-25 06:44:27.755--ServerSession(2050651705)--Thread(Thread[Test worker,5,main])--The alias name for the entity class [class com.spartan.healthmeter.entity.ZenHealthGauge] is being defaulted to: ZenHealthGauge.
[EL Config]: metadata: 2016-05-25 06:44:27.756--ServerSession(2050651705)--Thread(Thread[Test worker,5,main])--The alias name for the entity class [class lastgitcheck.app.shared.appbasicsetup.usermanagement.ArtPasswordAlgorithm] is being defaulted to: ArtPasswordAlgorithm.
[EL Config]: metadata: 2016-05-25 06:44:27.757--ServerSession(2050651705)--Thread(Thread[Test worker,5,main])--The alias name for the entity class [class lastgitcheck.app.shared.appbasicsetup.usermanagement.ArtAppNotificationTemplate] is being defaulted to: ArtAppNotificationTemplate.
[EL Config]: metadata: 2016-05-25 06:44:27.757--ServerSession(2050651705)--Thread(Thread[Test worker,5,main])--The alias name for the entity class [class lastgitcheck.app.shared.appbasicsetup.usermanagement.Question] is being defaulted to: Question.
[EL Config]: metadata: 2016-05-25 06:44:27.758--ServerSession(2050651705)--Thread(Thread[Test worker,5,main])--The alias name for the entity class [class lastgitcheck.app.shared.appbasicsetup.userrolemanagement.Roles] is being defaulted to: Roles.
[EL Config]: metadata: 2016-05-25 06:44:27.758--ServerSession(2050651705)--Thread(Thread[Test worker,5,main])--The alias name for the entity class [class lastgitcheck.app.shared.appinsight.alarms.ArtLogEventAction] is being defaulted to: ArtLogEventAction.
[EL Config]: metadata: 2016-05-25 06:44:27.759--ServerSession(2050651705)--Thread(Thread[Test worker,5,main])--The alias name for the entity class [class lastgitcheck.app.shared.appbasicsetup.userrolemanagement.AppMenus] is being defaulted to: AppMenus.
[EL Config]: metadata: 2016-05-25 06:44:27.76--ServerSession(2050651705)--Thread(Thread[Test worker,5,main])--The alias name for the entity class [class lastgitcheck.app.shared.organization.contactmanagement.Gender] is being defaulted to: Gender.
[EL Config]: metadata: 2016-05-25 06:44:27.76--ServerSession(2050651705)--Thread(Thread[Test worker,5,main])--The alias name for the entity class [class lastgitcheck.app.shared.appbasicsetup.usermanagement.UserData] is being defaulted to: UserData.
[EL Config]: metadata: 2016-05-25 06:44:27.76--ServerSession(2050651705)--Thread(Thread[Test worker,5,main])--The alias name for the entity class [class lastgitcheck.app.shared.appinsight.alarms.ArtLogConfig] is being defaulted to: ArtLogConfig.
[EL Config]: metadata: 2016-05-25 06:44:27.761--ServerSession(2050651705)--Thread(Thread[Test worker,5,main])--The alias name for the entity class [class lastgitcheck.app.shared.organization.locationmanagement.AddressType] is being defaulted to: AddressType.
[EL Config]: metadata: 2016-05-25 06:44:27.761--ServerSession(2050651705)--Thread(Thread[Test worker,5,main])--The alias name for the entity class [class com.spartan.healthmeter.entity.HealthSchedulerConfiguration] is being defaulted to: HealthSchedulerConfiguration.
[EL Config]: metadata: 2016-05-25 06:44:27.762--ServerSession(2050651705)--Thread(Thread[Test worker,5,main])--The alias name for the entity class [class lastgitcheck.app.shared.organization.contactmanagement.CommunicationData] is being defaulted to: CommunicationData.
[EL Config]: metadata: 2016-05-25 06:44:27.762--ServerSession(2050651705)--Thread(Thread[Test worker,5,main])--The alias name for the entity class [class com.spartan.healthmeter.entity.ZenSchedulerHealth] is being defaulted to: ZenSchedulerHealth.
[EL Config]: metadata: 2016-05-25 06:44:27.764--ServerSession(2050651705)--Thread(Thread[Test worker,5,main])--The alias name for the entity class [class lastgitcheck.app.shared.appbasicsetup.usermanagement.User] is being defaulted to: User.
[EL Config]: metadata: 2016-05-25 06:44:27.764--ServerSession(2050651705)--Thread(Thread[Test worker,5,main])--The alias name for the entity class [class lastgitcheck.app.shared.appbasicsetup.userrolemanagement.RoleMenuBridge] is being defaulted to: RoleMenuBridge.
[EL Config]: metadata: 2016-05-25 06:44:27.765--ServerSession(2050651705)--Thread(Thread[Test worker,5,main])--The alias name for the entity class [class lastgitcheck.app.shared.organization.locationmanagement.Timezone] is being defaulted to: Timezone.
[EL Config]: metadata: 2016-05-25 06:44:27.765--ServerSession(2050651705)--Thread(Thread[Test worker,5,main])--The alias name for the entity class [class lastgitcheck.app.shared.appinsight.alarms.ArtLogStatus] is being defaulted to: ArtLogStatus.
[EL Config]: metadata: 2016-05-25 06:44:27.766--ServerSession(2050651705)--Thread(Thread[Test worker,5,main])--The alias name for the entity class [class lastgitcheck.app.shared.appbasicsetup.usermanagement.PasswordPolicy] is being defaulted to: PasswordPolicy.
[EL Config]: metadata: 2016-05-25 06:44:27.766--ServerSession(2050651705)--Thread(Thread[Test worker,5,main])--The alias name for the entity class [class lastgitcheck.app.shared.appbasicsetup.usermanagement.PasswordAlgo] is being defaulted to: PasswordAlgo.
[EL Config]: metadata: 2016-05-25 06:44:27.767--ServerSession(2050651705)--Thread(Thread[Test worker,5,main])--The alias name for the entity class [class lastgitcheck.app.shared.appbasicsetup.userrolemanagement.UserRoleBridge] is being defaulted to: UserRoleBridge.
[EL Config]: metadata: 2016-05-25 06:44:27.767--ServerSession(2050651705)--Thread(Thread[Test worker,5,main])--The alias name for the entity class [class lastgitcheck.app.shared.appinsight.alarms.ArtLogArchitectureLayer] is being defaulted to: ArtLogArchitectureLayer.
[EL Config]: metadata: 2016-05-25 06:44:27.768--ServerSession(2050651705)--Thread(Thread[Test worker,5,main])--The alias name for the entity class [class lastgitcheck.app.shared.organization.contactmanagement.CommunicationGroup] is being defaulted to: CommunicationGroup.
[EL Config]: metadata: 2016-05-25 06:44:27.768--ServerSession(2050651705)--Thread(Thread[Test worker,5,main])--The alias name for the entity class [class com.spartan.healthmeter.entity.ZenHealthStatus] is being defaulted to: ZenHealthStatus.
[EL Config]: metadata: 2016-05-25 06:44:27.769--ServerSession(2050651705)--Thread(Thread[Test worker,5,main])--The alias name for the entity class [class lastgitcheck.app.shared.appbasicsetup.usermanagement.SessionData] is being defaulted to: SessionData.
[EL Config]: metadata: 2016-05-25 06:44:27.769--ServerSession(2050651705)--Thread(Thread[Test worker,5,main])--The alias name for the entity class [class lastgitcheck.app.shared.organization.contactmanagement.CoreContacts] is being defaulted to: CoreContacts.
[EL Config]: metadata: 2016-05-25 06:44:27.77--ServerSession(2050651705)--Thread(Thread[Test worker,5,main])--The alias name for the entity class [class lastgitcheck.app.shared.appbasicsetup.usermanagement.LoginSession] is being defaulted to: LoginSession.
[EL Config]: metadata: 2016-05-25 06:44:27.771--ServerSession(2050651705)--Thread(Thread[Test worker,5,main])--The alias name for the entity class [class lastgitcheck.app.shared.organization.contactmanagement.Title] is being defaulted to: Title.
[EL Config]: metadata: 2016-05-25 06:44:27.771--ServerSession(2050651705)--Thread(Thread[Test worker,5,main])--The alias name for the entity class [class lastgitcheck.app.shared.appinsight.alarms.ArtLogEvents] is being defaulted to: ArtLogEvents.
[EL Config]: metadata: 2016-05-25 06:44:27.772--ServerSession(2050651705)--Thread(Thread[Test worker,5,main])--The alias name for the entity class [class com.spartan.healthmeter.entity.ArtHealthSchedulerConfiguration] is being defaulted to: ArtHealthSchedulerConfiguration.
[EL Config]: metadata: 2016-05-25 06:44:27.773--ServerSession(2050651705)--Thread(Thread[Test worker,5,main])--The alias name for the entity class [class com.spartan.healthmeter.entity.ZenRequestDetails] is being defaulted to: ZenRequestDetails.
[EL Config]: metadata: 2016-05-25 06:44:27.774--ServerSession(2050651705)--Thread(Thread[Test worker,5,main])--The alias name for the entity class [class com.athena.shared.dataengine.report.ArtReportUI] is being defaulted to: ArtReportUI.
[EL Config]: metadata: 2016-05-25 06:44:27.775--ServerSession(2050651705)--Thread(Thread[Test worker,5,main])--The alias name for the entity class [class lastgitcheck.app.shared.appbasicsetup.usermanagement.ArtPasswordPolicy] is being defaulted to: ArtPasswordPolicy.
[EL Config]: metadata: 2016-05-25 06:44:27.776--ServerSession(2050651705)--Thread(Thread[Test worker,5,main])--The alias name for the entity class [class lastgitcheck.app.shared.appbasicsetup.usermanagement.UserAccessDomain] is being defaulted to: UserAccessDomain.
[EL Config]: metadata: 2016-05-25 06:44:27.776--ServerSession(2050651705)--Thread(Thread[Test worker,5,main])--The alias name for the entity class [class com.spartan.healthmeter.entity.ZenHealthCounter] is being defaulted to: ZenHealthCounter.
[EL Config]: metadata: 2016-05-25 06:44:27.777--ServerSession(2050651705)--Thread(Thread[Test worker,5,main])--The alias name for the entity class [class com.spartan.healthmeter.entity.ZenHealth] is being defaulted to: ZenHealth.
[EL Config]: metadata: 2016-05-25 06:44:27.778--ServerSession(2050651705)--Thread(Thread[Test worker,5,main])--The alias name for the entity class [class com.spartan.server.session.entity.AppSessionConfig] is being defaulted to: AppSessionConfig.
[EL Config]: metadata: 2016-05-25 06:44:27.779--ServerSession(2050651705)--Thread(Thread[Test worker,5,main])--The alias name for the entity class [class lastgitcheck.app.shared.appbasicsetup.aaa.ArtUserLastStatus] is being defaulted to: ArtUserLastStatus.
[EL Config]: metadata: 2016-05-25 06:44:27.78--ServerSession(2050651705)--Thread(Thread[Test worker,5,main])--The alias name for the entity class [class lastgitcheck.app.shared.appbasicsetup.usermanagement.PassRecovery] is being defaulted to: PassRecovery.
[EL Config]: metadata: 2016-05-25 06:44:27.78--ServerSession(2050651705)--Thread(Thread[Test worker,5,main])--The alias name for the entity class [class lastgitcheck.app.shared.organization.contactmanagement.CommunicationType] is being defaulted to: CommunicationType.
[EL Config]: metadata: 2016-05-25 06:44:27.781--ServerSession(2050651705)--Thread(Thread[Test worker,5,main])--The alias name for the entity class [class lastgitcheck.app.shared.appinsight.alarms.ArtLogAlarm] is being defaulted to: ArtLogAlarm.
[EL Config]: metadata: 2016-05-25 06:44:27.782--ServerSession(2050651705)--Thread(Thread[Test worker,5,main])--The alias name for the entity class [class com.athena.shared.dataengine.query.ArtQuery] is being defaulted to: ArtQuery.
[EL Info]: 2016-05-25 06:44:28.4--ServerSession(2050651705)--Thread(Thread[Test worker,5,main])--EclipseLink, version: Eclipse Persistence Services - 2.5.1.v20130918-f2b9fc5
[EL Fine]: connection: 2016-05-25 06:44:28.63--Thread(Thread[Test worker,5,main])--Detected database platform: org.eclipse.persistence.platform.database.oracle.Oracle11Platform
[EL Config]: connection: 2016-05-25 06:44:28.648--ServerSession(2050651705)--Connection(232401)--Thread(Thread[Test worker,5,main])--connecting(DatabaseLogin(
	platform=>Oracle11Platform
	user name=> "lastgitcheck"
	datasource URL=> "jdbc:oracle:thin:@localhost-ORACLE:1521:xe"
))
[EL Config]: connection: 2016-05-25 06:44:28.678--ServerSession(2050651705)--Connection(1758479960)--Thread(Thread[Test worker,5,main])--Connected: jdbc:oracle:thin:@localhost-ORACLE:1521:xe
	User: LASTGITCHECK
	Database: Oracle  Version: Oracle Database 11g Express Edition Release 11.2.0.2.0 - 64bit Production
	Driver: Oracle JDBC driver  Version: 11.2.0.4.0
[EL Config]: connection: 2016-05-25 06:44:28.678--ServerSession(2050651705)--Connection(777894422)--Thread(Thread[Test worker,5,main])--connecting(DatabaseLogin(
	platform=>Oracle11Platform
	user name=> "lastgitcheck"
	datasource URL=> "jdbc:oracle:thin:@localhost-ORACLE:1521:xe"
))
[EL Config]: connection: 2016-05-25 06:44:28.699--ServerSession(2050651705)--Connection(191107618)--Thread(Thread[Test worker,5,main])--Connected: jdbc:oracle:thin:@localhost-ORACLE:1521:xe
	User: LASTGITCHECK
	Database: Oracle  Version: Oracle Database 11g Express Edition Release 11.2.0.2.0 - 64bit Production
	Driver: Oracle JDBC driver  Version: 11.2.0.4.0
[EL Config]: connection: 2016-05-25 06:44:28.699--ServerSession(2050651705)--Connection(1457683461)--Thread(Thread[Test worker,5,main])--connecting(DatabaseLogin(
	platform=>Oracle11Platform
	user name=> "lastgitcheck"
	datasource URL=> "jdbc:oracle:thin:@localhost-ORACLE:1521:xe"
))
[EL Config]: connection: 2016-05-25 06:44:28.717--ServerSession(2050651705)--Connection(792484051)--Thread(Thread[Test worker,5,main])--Connected: jdbc:oracle:thin:@localhost-ORACLE:1521:xe
	User: LASTGITCHECK
	Database: Oracle  Version: Oracle Database 11g Express Edition Release 11.2.0.2.0 - 64bit Production
	Driver: Oracle JDBC driver  Version: 11.2.0.4.0
[EL Config]: connection: 2016-05-25 06:44:28.717--ServerSession(2050651705)--Connection(585866463)--Thread(Thread[Test worker,5,main])--connecting(DatabaseLogin(
	platform=>Oracle11Platform
	user name=> "lastgitcheck"
	datasource URL=> "jdbc:oracle:thin:@localhost-ORACLE:1521:xe"
))
[EL Config]: connection: 2016-05-25 06:44:28.734--ServerSession(2050651705)--Connection(445122146)--Thread(Thread[Test worker,5,main])--Connected: jdbc:oracle:thin:@localhost-ORACLE:1521:xe
	User: LASTGITCHECK
	Database: Oracle  Version: Oracle Database 11g Express Edition Release 11.2.0.2.0 - 64bit Production
	Driver: Oracle JDBC driver  Version: 11.2.0.4.0
[EL Config]: connection: 2016-05-25 06:44:28.734--ServerSession(2050651705)--Connection(1482365321)--Thread(Thread[Test worker,5,main])--connecting(DatabaseLogin(
	platform=>Oracle11Platform
	user name=> "lastgitcheck"
	datasource URL=> "jdbc:oracle:thin:@localhost-ORACLE:1521:xe"
))
[EL Config]: connection: 2016-05-25 06:44:28.75--ServerSession(2050651705)--Connection(1156161200)--Thread(Thread[Test worker,5,main])--Connected: jdbc:oracle:thin:@localhost-ORACLE:1521:xe
	User: LASTGITCHECK
	Database: Oracle  Version: Oracle Database 11g Express Edition Release 11.2.0.2.0 - 64bit Production
	Driver: Oracle JDBC driver  Version: 11.2.0.4.0
[EL Config]: connection: 2016-05-25 06:44:28.75--ServerSession(2050651705)--Connection(1169250344)--Thread(Thread[Test worker,5,main])--connecting(DatabaseLogin(
	platform=>Oracle11Platform
	user name=> "lastgitcheck"
	datasource URL=> "jdbc:oracle:thin:@localhost-ORACLE:1521:xe"
))
[EL Config]: connection: 2016-05-25 06:44:28.767--ServerSession(2050651705)--Connection(2115161558)--Thread(Thread[Test worker,5,main])--Connected: jdbc:oracle:thin:@localhost-ORACLE:1521:xe
	User: LASTGITCHECK
	Database: Oracle  Version: Oracle Database 11g Express Edition Release 11.2.0.2.0 - 64bit Production
	Driver: Oracle JDBC driver  Version: 11.2.0.4.0
[EL Config]: connection: 2016-05-25 06:44:28.768--ServerSession(2050651705)--Connection(76012868)--Thread(Thread[Test worker,5,main])--connecting(DatabaseLogin(
	platform=>Oracle11Platform
	user name=> "lastgitcheck"
	datasource URL=> "jdbc:oracle:thin:@localhost-ORACLE:1521:xe"
))
[EL Config]: connection: 2016-05-25 06:44:28.784--ServerSession(2050651705)--Connection(1942986158)--Thread(Thread[Test worker,5,main])--Connected: jdbc:oracle:thin:@localhost-ORACLE:1521:xe
	User: LASTGITCHECK
	Database: Oracle  Version: Oracle Database 11g Express Edition Release 11.2.0.2.0 - 64bit Production
	Driver: Oracle JDBC driver  Version: 11.2.0.4.0
[EL Config]: connection: 2016-05-25 06:44:28.784--ServerSession(2050651705)--Connection(2010215927)--Thread(Thread[Test worker,5,main])--connecting(DatabaseLogin(
	platform=>Oracle11Platform
	user name=> "lastgitcheck"
	datasource URL=> "jdbc:oracle:thin:@localhost-ORACLE:1521:xe"
))
[EL Config]: connection: 2016-05-25 06:44:28.799--ServerSession(2050651705)--Connection(1486350485)--Thread(Thread[Test worker,5,main])--Connected: jdbc:oracle:thin:@localhost-ORACLE:1521:xe
	User: LASTGITCHECK
	Database: Oracle  Version: Oracle Database 11g Express Edition Release 11.2.0.2.0 - 64bit Production
	Driver: Oracle JDBC driver  Version: 11.2.0.4.0
[EL Config]: connection: 2016-05-25 06:44:28.799--ServerSession(2050651705)--Connection(1562819491)--Thread(Thread[Test worker,5,main])--connecting(DatabaseLogin(
	platform=>Oracle11Platform
	user name=> "lastgitcheck"
	datasource URL=> "jdbc:oracle:thin:@localhost-ORACLE:1521:xe"
))
[EL Config]: connection: 2016-05-25 06:44:28.819--ServerSession(2050651705)--Connection(434698780)--Thread(Thread[Test worker,5,main])--Connected: jdbc:oracle:thin:@localhost-ORACLE:1521:xe
	User: LASTGITCHECK
	Database: Oracle  Version: Oracle Database 11g Express Edition Release 11.2.0.2.0 - 64bit Production
	Driver: Oracle JDBC driver  Version: 11.2.0.4.0
[EL Config]: connection: 2016-05-25 06:44:28.819--ServerSession(2050651705)--Connection(243028366)--Thread(Thread[Test worker,5,main])--connecting(DatabaseLogin(
	platform=>Oracle11Platform
	user name=> "lastgitcheck"
	datasource URL=> "jdbc:oracle:thin:@localhost-ORACLE:1521:xe"
))
[EL Config]: connection: 2016-05-25 06:44:28.847--ServerSession(2050651705)--Connection(63850768)--Thread(Thread[Test worker,5,main])--Connected: jdbc:oracle:thin:@localhost-ORACLE:1521:xe
	User: LASTGITCHECK
	Database: Oracle  Version: Oracle Database 11g Express Edition Release 11.2.0.2.0 - 64bit Production
	Driver: Oracle JDBC driver  Version: 11.2.0.4.0
[EL Config]: connection: 2016-05-25 06:44:28.848--ServerSession(2050651705)--Connection(1705021396)--Thread(Thread[Test worker,5,main])--connecting(DatabaseLogin(
	platform=>Oracle11Platform
	user name=> "lastgitcheck"
	datasource URL=> "jdbc:oracle:thin:@localhost-ORACLE:1521:xe"
))
[EL Config]: connection: 2016-05-25 06:44:28.869--ServerSession(2050651705)--Connection(272817004)--Thread(Thread[Test worker,5,main])--Connected: jdbc:oracle:thin:@localhost-ORACLE:1521:xe
	User: LASTGITCHECK
	Database: Oracle  Version: Oracle Database 11g Express Edition Release 11.2.0.2.0 - 64bit Production
	Driver: Oracle JDBC driver  Version: 11.2.0.4.0
[EL Config]: connection: 2016-05-25 06:44:28.869--ServerSession(2050651705)--Connection(357799883)--Thread(Thread[Test worker,5,main])--connecting(DatabaseLogin(
	platform=>Oracle11Platform
	user name=> "lastgitcheck"
	datasource URL=> "jdbc:oracle:thin:@localhost-ORACLE:1521:xe"
))
[EL Config]: connection: 2016-05-25 06:44:28.944--ServerSession(2050651705)--Connection(588421981)--Thread(Thread[Test worker,5,main])--Connected: jdbc:oracle:thin:@localhost-ORACLE:1521:xe
	User: LASTGITCHECK
	Database: Oracle  Version: Oracle Database 11g Express Edition Release 11.2.0.2.0 - 64bit Production
	Driver: Oracle JDBC driver  Version: 11.2.0.4.0
[EL Config]: connection: 2016-05-25 06:44:28.945--ServerSession(2050651705)--Connection(446040232)--Thread(Thread[Test worker,5,main])--connecting(DatabaseLogin(
	platform=>Oracle11Platform
	user name=> "lastgitcheck"
	datasource URL=> "jdbc:oracle:thin:@localhost-ORACLE:1521:xe"
))
[EL Config]: connection: 2016-05-25 06:44:28.967--ServerSession(2050651705)--Connection(1880251194)--Thread(Thread[Test worker,5,main])--Connected: jdbc:oracle:thin:@localhost-ORACLE:1521:xe
	User: LASTGITCHECK
	Database: Oracle  Version: Oracle Database 11g Express Edition Release 11.2.0.2.0 - 64bit Production
	Driver: Oracle JDBC driver  Version: 11.2.0.4.0
[EL Config]: connection: 2016-05-25 06:44:28.967--ServerSession(2050651705)--Connection(536797739)--Thread(Thread[Test worker,5,main])--connecting(DatabaseLogin(
	platform=>Oracle11Platform
	user name=> "lastgitcheck"
	datasource URL=> "jdbc:oracle:thin:@localhost-ORACLE:1521:xe"
))
[EL Config]: connection: 2016-05-25 06:44:28.982--ServerSession(2050651705)--Connection(380798326)--Thread(Thread[Test worker,5,main])--Connected: jdbc:oracle:thin:@localhost-ORACLE:1521:xe
	User: LASTGITCHECK
	Database: Oracle  Version: Oracle Database 11g Express Edition Release 11.2.0.2.0 - 64bit Production
	Driver: Oracle JDBC driver  Version: 11.2.0.4.0
[EL Config]: connection: 2016-05-25 06:44:28.982--ServerSession(2050651705)--Connection(576197022)--Thread(Thread[Test worker,5,main])--connecting(DatabaseLogin(
	platform=>Oracle11Platform
	user name=> "lastgitcheck"
	datasource URL=> "jdbc:oracle:thin:@localhost-ORACLE:1521:xe"
))
[EL Config]: connection: 2016-05-25 06:44:28.998--ServerSession(2050651705)--Connection(1139584431)--Thread(Thread[Test worker,5,main])--Connected: jdbc:oracle:thin:@localhost-ORACLE:1521:xe
	User: LASTGITCHECK
	Database: Oracle  Version: Oracle Database 11g Express Edition Release 11.2.0.2.0 - 64bit Production
	Driver: Oracle JDBC driver  Version: 11.2.0.4.0
[EL Config]: connection: 2016-05-25 06:44:28.999--ServerSession(2050651705)--Connection(1139584431)--Thread(Thread[Test worker,5,main])--disconnect
[EL Warning]: metadata: 2016-05-25 06:44:29.005--ServerSession(2050651705)--Thread(Thread[Test worker,5,main])--Reverting the lazy setting on the OneToOne or ManyToOne attribute [user] for the entity class [class lastgitcheck.app.shared.appbasicsetup.usermanagement.UserData] since weaving was not enabled or did not occur.
[EL Warning]: metadata: 2016-05-25 06:44:29.005--ServerSession(2050651705)--Thread(Thread[Test worker,5,main])--Reverting the lazy setting on the OneToOne or ManyToOne attribute [user] for the entity class [class lastgitcheck.app.shared.appbasicsetup.usermanagement.PassRecovery] since weaving was not enabled or did not occur.
[EL Warning]: metadata: 2016-05-25 06:44:29.007--ServerSession(2050651705)--Thread(Thread[Test worker,5,main])--Reverting the lazy setting on the OneToOne or ManyToOne attribute [userData] for the entity class [class lastgitcheck.app.shared.appbasicsetup.usermanagement.User] since weaving was not enabled or did not occur.
[EL Warning]: metadata: 2016-05-25 06:44:29.01--ServerSession(2050651705)--Thread(Thread[Test worker,5,main])--Reverting the lazy setting on the OneToOne or ManyToOne attribute [coreContacts] for the entity class [class lastgitcheck.app.shared.appbasicsetup.usermanagement.Login] since weaving was not enabled or did not occur.
[EL Warning]: metadata: 2016-05-25 06:44:29.01--ServerSession(2050651705)--Thread(Thread[Test worker,5,main])--Reverting the lazy setting on the OneToOne or ManyToOne attribute [user] for the entity class [class lastgitcheck.app.shared.appbasicsetup.usermanagement.Login] since weaving was not enabled or did not occur.
[EL Warning]: metadata: 2016-05-25 06:44:29.011--ServerSession(2050651705)--Thread(Thread[Test worker,5,main])--Reverting the lazy setting on the OneToOne or ManyToOne attribute [timezone] for the entity class [class lastgitcheck.app.shared.organization.contactmanagement.CoreContacts] since weaving was not enabled or did not occur.
[EL Info]: connection: 2016-05-25 06:44:29.188--ServerSession(2050651705)--Thread(Thread[Test worker,5,main])--file:/home/applifire/workspace/lastgitcheck/build/resources/main_lastgitcheck login successful
[EL Fine]: sql: 2016-05-25 06:44:36.54--ClientSession(1905079850)--Connection(380798326)--Thread(Thread[Test worker,5,main])--SELECT query_id, active_status, app_creator_id, created_by, created_date, hidden_name, jpql_query, name, project_id, project_version_id, query_json, query_type, sql_query, updated_by, updated_date, user_access, version_id FROM art_query WHERE ((active_status = ?) AND (sql_query IS NULL))
	bind => [true]
Repository handle
[EL Config]: connection: 2016-05-25 06:44:36.558--ServerSession(2050651705)--Connection(380798326)--Thread(Thread[Test worker,5,main])--disconnect
[EL Fine]: sql: 2016-05-25 06:44:44.071--ClientSession(211762047)--Connection(1880251194)--Thread(Thread[Test worker,5,main])--INSERT INTO ast_UserAccessDomain_M (userAccessDomainId, domainDescription, domainHelp, domainIcon, domainName, userAccessDomain, versionId, createdBy, createdDate, updatedBy, updatedDate, activeStatus, txnAccessCode) VALUES (?, ?, ?, ?, ?, ?, ?, ?, ?, ?, ?, ?, ?)
	bind => [7289294A-74CC-4266-9ACD-D6C23FB870B9, XM5cZCGiSraWtCNH1jqHSzzqzoxBf4meyYeaQcdoajtenqP31U, fWvYafzu3uSJuETPaG7QcOxNDP2CE2FlYbEMLdirgqTRgqWoec, 2qE0iPnKyQ50wQJdm5HwGfQ2Vy5ZH5JDQJFVOnRpWWjtgdri8j, 0eKZR4rKDKllVdSUQrYB2SsWm51ETcVarXh9lmYfjfstcN9ylc, 34390, 1, AAAAA, 2016-05-25 06:44:44.039, AAAAA, 2016-05-25 06:44:44.039, 1, 51000]
[EL Config]: connection: 2016-05-25 06:44:44.755--ServerSession(2050651705)--Connection(1880251194)--Thread(Thread[Test worker,5,main])--disconnect
[EL Fine]: sql: 2016-05-25 06:44:44.765--ClientSession(221581623)--Connection(588421981)--Thread(Thread[Test worker,5,main])--INSERT INTO ast_UserAccessLevel_M (userAccessLevelId, levelDescription, levelHelp, levelIcon, levelName, userAccessLevel, versionId, createdBy, createdDate, updatedBy, updatedDate, activeStatus, txnAccessCode) VALUES (?, ?, ?, ?, ?, ?, ?, ?, ?, ?, ?, ?, ?)
	bind => [32B025D1-3725-45DB-A561-8AD01CF38395, epkHBSVtzkiHgR9smG0aMbaQTdt5Tdvvi2SjDNdJoqcY7G1JRZ, pHEq6jerOjqyOFz0Buy3NFOEWR8WOxKsflabdrKclyfAl2h3uK, tCLUO6QZmtFa5CFg67wVj4LMl9WP4mFEQATHfCiFFAVVCVjj6M, h4VBlqhAb9Bzx9d2IxfciAS2IKTwBJB9oNfM5ZkKKOHueh8d5g, 57502, 1, AAAAA, 2016-05-25 06:44:44.759, AAAAA, 2016-05-25 06:44:44.759, 1, 51000]
[EL Config]: connection: 2016-05-25 06:44:44.887--ServerSession(2050651705)--Connection(588421981)--Thread(Thread[Test worker,5,main])--disconnect
[EL Fine]: sql: 2016-05-25 06:44:44.895--ClientSession(508848123)--Connection(272817004)--Thread(Thread[Test worker,5,main])--INSERT INTO ast_Question_M (questionId, levelid, question, questionDetails, questionIcon, versionId, createdBy, createdDate, updatedBy, updatedDate, activeStatus, txnAccessCode) VALUES (?, ?, ?, ?, ?, ?, ?, ?, ?, ?, ?, ?)
	bind => [64B766A5-6706-44E3-9009-B7162B515003, 1, qSZE9nVhS0qxk5OCswP1U87edR1lfBWRzx91DwhQtw3e2G9vCi, RAA9LlZii6, gl23w2CNJ6P0S6lMpDHUjtrDZfThU2zEpYuNDhNdXaus9IeJuK, 1, AAAAA, 2016-05-25 06:44:44.888, AAAAA, 2016-05-25 06:44:44.888, 1, 51000]
[EL Config]: connection: 2016-05-25 06:44:45.015--ServerSession(2050651705)--Connection(272817004)--Thread(Thread[Test worker,5,main])--disconnect
[EL Fine]: sql: 2016-05-25 06:44:45.033--ClientSession(862736728)--Connection(63850768)--Thread(Thread[Test worker,5,main])--INSERT INTO ast_User_T (userId, allowMultipleLogin, changePasswordNextLogin, genTempOneTimePassword, isDeleted, isLocked, lastPasswordChangeDate, multiFactorAuthEnabled, passwordAlgo, passwordExpiryDate, sessionTimeout, userAccessCode, userAccessDomainId, userAccessLevelId, versionId, createdBy, createdDate, updatedBy, updatedDate, activeStatus, txnAccessCode) VALUES (?, ?, ?, ?, ?, ?, ?, ?, ?, ?, ?, ?, ?, ?, ?, ?, ?, ?, ?, ?, ?)
	bind => [15A9CC37-1E5B-445A-A036-840951AA0FCC, 1, 1, 1, 1, 1, 2016-05-25 06:28:54.538, 1, DrG9Q4fBlGp73XAJlCiUiRWQUhQZh8Iy7vbQZcEnKUs5RcvhTB, 2016-05-25 06:28:54.514, 2751, 55242, 7289294A-74CC-4266-9ACD-D6C23FB870B9, 32B025D1-3725-45DB-A561-8AD01CF38395, 1, AAAAA, 2016-05-25 06:44:44.039, AAAAA, 2016-05-25 06:44:44.039, 1, 51000]
[EL Fine]: sql: 2016-05-25 06:44:45.035--ClientSession(862736728)--Connection(63850768)--Thread(Thread[Test worker,5,main])--INSERT INTO ast_PassRecovery_TP (passRecoveryId, answer, questionId, versionId, createdBy, createdDate, updatedBy, updatedDate, activeStatus, txnAccessCode, userId) VALUES (?, ?, ?, ?, ?, ?, ?, ?, ?, ?, ?)
	bind => [49256EA3-9D99-4D64-BEAF-75C9A51C51A7, 7GH9BgzEZbBtyWwi87ZEaYXE83aVVcTmT4GvLDHge10O9Shw7b, 64B766A5-6706-44E3-9009-B7162B515003, 1, AAAAA, 2016-05-25 06:44:44.888, AAAAA, 2016-05-25 06:44:44.888, 1, 51000, 15A9CC37-1E5B-445A-A036-840951AA0FCC]
[EL Fine]: sql: 2016-05-25 06:44:45.037--ClientSession(862736728)--Connection(63850768)--Thread(Thread[Test worker,5,main])--INSERT INTO ast_UserData_TP (userDataId, last5Passwords, oneTimePassword, oneTimePasswordExpiry, oneTimePasswordGenDate, password, versionId, createdBy, createdDate, updatedBy, updatedDate, activeStatus, txnAccessCode, userId) VALUES (?, ?, ?, ?, ?, ?, ?, ?, ?, ?, ?, ?, ?, ?)
	bind => [117F8088-CE8B-47A5-8488-1A9AAE311DA5, 9bVX27fRN2jgNEFIx1fz5220mGirXzGRFuuhwjWrQU9mb6TyQM, cmr10aJiCB9WUrcJFVnmI9TiKTxCGiM8, 9, 2016-05-25 06:28:54.717, CmQK8XmEwflDUgiQGLY1qONH005vSvYsjBM6MskwtDDFhYeyJM, 1, AAAAA, 2016-05-25 06:44:45.016, AAAAA, 2016-05-25 06:44:45.016, 1, 51000, 15A9CC37-1E5B-445A-A036-840951AA0FCC]
[EL Config]: connection: 2016-05-25 06:44:45.287--ServerSession(2050651705)--Connection(63850768)--Thread(Thread[Test worker,5,main])--disconnect
[EL Fine]: sql: 2016-05-25 06:44:45.294--ClientSession(1688716195)--Connection(434698780)--Thread(Thread[Test worker,5,main])--INSERT INTO ast_Roles_T (roleId, RoleDescription, roleHelp, RoleIcon, RoleName, versionId, createdBy, createdDate, updatedBy, updatedDate, activeStatus, txnAccessCode) VALUES (?, ?, ?, ?, ?, ?, ?, ?, ?, ?, ?, ?)
	bind => [13F4D8D2-80EE-45AB-855F-B344CFCCF7EB, Xn3IXNCRNLtfeedSSgsmx9NGZqmnEOHutPk4ObxFunF0Vaueyc, hNMC03nXGLoNr5ercQg1e7O86er02R3dwtQBuKomhmya4KowF5, DTPrkJILXQURRizR0zuk6gKClIAMir8aqnVSTQZuYyr1mbfqfW, MVy4WvruCkakIoF0woNCuNeQTMLK5eYKfCP28tT4xGyLXXm28L, 1, AAAAA, 2016-05-25 06:44:45.289, AAAAA, 2016-05-25 06:44:45.289, 1, 51000]
[EL Config]: connection: 2016-05-25 06:44:45.391--ServerSession(2050651705)--Connection(434698780)--Thread(Thread[Test worker,5,main])--disconnect
Setting logged in user info for ADD
[EL Fine]: sql: 2016-05-25 06:44:45.396--ClientSession(1592529858)--Connection(1486350485)--Thread(Thread[Test worker,5,main])--INSERT INTO ast_UserRoleBridge_T (roleUserMapId, roleId, userId, versionId, createdBy, createdDate, updatedBy, updatedDate, activeStatus, txnAccessCode) VALUES (?, ?, ?, ?, ?, ?, ?, ?, ?, ?)
	bind => [424735F5-7F2B-49F1-9303-37682D3E4471, 13F4D8D2-80EE-45AB-855F-B344CFCCF7EB, 15A9CC37-1E5B-445A-A036-840951AA0FCC, 1, AAAAA, 2016-05-25 06:44:45.392, AAAAA, 2016-05-25 06:44:45.392, 1, 51000]
[EL Config]: connection: 2016-05-25 06:44:45.488--ServerSession(2050651705)--Connection(1486350485)--Thread(Thread[Test worker,5,main])--disconnect
[EL Fine]: sql: 2016-05-25 06:44:45.499--ClientSession(1721860251)--Connection(1942986158)--Thread(Thread[Test worker,5,main])--SELECT roleUserMapId, roleId, userId, versionId, createdBy, createdDate, updatedBy, updatedDate, activeStatus, txnAccessCode FROM ast_UserRoleBridge_T WHERE ((activeStatus = ?) AND (roleUserMapId = ?))
	bind => [1, 424735F5-7F2B-49F1-9303-37682D3E4471]
[EL Config]: connection: 2016-05-25 06:44:45.503--ServerSession(2050651705)--Connection(1942986158)--Thread(Thread[Test worker,5,main])--disconnect
Setting logged in user info for UPDATE
[EL Fine]: sql: 2016-05-25 06:44:45.51--ClientSession(2519986)--Connection(2115161558)--Thread(Thread[Test worker,5,main])--SELECT roleUserMapId, roleId, userId, versionId, createdBy, createdDate, updatedBy, updatedDate, activeStatus, txnAccessCode FROM ast_UserRoleBridge_T WHERE (roleUserMapId = ?)
	bind => [424735F5-7F2B-49F1-9303-37682D3E4471]
[EL Fine]: sql: 2016-05-25 06:44:45.518--ClientSession(1860247747)--Connection(2115161558)--Thread(Thread[Test worker,5,main])--SELECT roleUserMapId, roleId, userId, versionId, createdBy, createdDate, updatedBy, updatedDate, activeStatus, txnAccessCode FROM ast_UserRoleBridge_T WHERE ((activeStatus = ?) AND (roleUserMapId = ?))
	bind => [1, 424735F5-7F2B-49F1-9303-37682D3E4471]
[EL Fine]: sql: 2016-05-25 06:44:45.529--ClientSession(835875420)--Connection(2115161558)--Thread(Thread[Test worker,5,main])--SELECT roleUserMapId, roleId, userId, versionId, createdBy, createdDate, updatedBy, updatedDate, activeStatus, txnAccessCode FROM ast_UserRoleBridge_T WHERE ((activeStatus = ?) AND (roleId = ?))
	bind => [1, 13F4D8D2-80EE-45AB-855F-B344CFCCF7EB]
[EL Fine]: sql: 2016-05-25 06:44:45.547--ClientSession(524047452)--Connection(2115161558)--Thread(Thread[Test worker,5,main])--SELECT roleUserMapId, roleId, userId, versionId, createdBy, createdDate, updatedBy, updatedDate, activeStatus, txnAccessCode FROM ast_UserRoleBridge_T WHERE ((activeStatus = ?) AND (userId = ?))
	bind => [1, 15A9CC37-1E5B-445A-A036-840951AA0FCC]
[EL Fine]: sql: 2016-05-25 06:44:45.564--ClientSession(553150536)--Connection(2115161558)--Thread(Thread[Test worker,5,main])--SELECT roleUserMapId, roleId, userId, versionId, createdBy, createdDate, updatedBy, updatedDate, activeStatus, txnAccessCode FROM ast_UserRoleBridge_T WHERE (roleUserMapId = ?)
	bind => [424735F5-7F2B-49F1-9303-37682D3E4471]
[EL Fine]: sql: 2016-05-25 06:44:45.567--ClientSession(553150536)--Connection(2115161558)--Thread(Thread[Test worker,5,main])--DELETE FROM ast_UserRoleBridge_T WHERE ((roleUserMapId = ?) AND (versionId = ?))
	bind => [424735F5-7F2B-49F1-9303-37682D3E4471, 1]
[EL Fine]: sql: 2016-05-25 06:44:45.614--ClientSession(1156197545)--Connection(2115161558)--Thread(Thread[Test worker,5,main])--SELECT roleId, RoleDescription, roleHelp, RoleIcon, RoleName, versionId, createdBy, createdDate, updatedBy, updatedDate, activeStatus, txnAccessCode FROM ast_Roles_T WHERE (roleId = ?)
	bind => [13F4D8D2-80EE-45AB-855F-B344CFCCF7EB]
[EL Fine]: sql: 2016-05-25 06:44:45.617--ClientSession(1156197545)--Connection(2115161558)--Thread(Thread[Test worker,5,main])--SELECT roleMenuMapId, isExecute, isRead, isWrite, menuId, versionId, createdBy, createdDate, updatedBy, updatedDate, activeStatus, txnAccessCode, roleId FROM ast_RoleMenuBridge_TP WHERE (roleId = ?)
	bind => [13F4D8D2-80EE-45AB-855F-B344CFCCF7EB]
[EL Fine]: sql: 2016-05-25 06:44:45.62--ClientSession(1156197545)--Connection(2115161558)--Thread(Thread[Test worker,5,main])--DELETE FROM ast_Roles_T WHERE ((roleId = ?) AND (versionId = ?))
	bind => [13F4D8D2-80EE-45AB-855F-B344CFCCF7EB, 1]
[EL Fine]: sql: 2016-05-25 06:44:45.714--ClientSession(9012277)--Connection(2115161558)--Thread(Thread[Test worker,5,main])--SELECT userId, allowMultipleLogin, changePasswordNextLogin, genTempOneTimePassword, isDeleted, isLocked, lastPasswordChangeDate, multiFactorAuthEnabled, passwordAlgo, passwordExpiryDate, sessionTimeout, userAccessCode, userAccessDomainId, userAccessLevelId, versionId, createdBy, createdDate, updatedBy, updatedDate, activeStatus, txnAccessCode FROM ast_User_T WHERE (userId = ?)
	bind => [15A9CC37-1E5B-445A-A036-840951AA0FCC]
[EL Fine]: sql: 2016-05-25 06:44:45.716--ClientSession(9012277)--Connection(2115161558)--Thread(Thread[Test worker,5,main])--SELECT userDataId, last5Passwords, oneTimePassword, oneTimePasswordExpiry, oneTimePasswordGenDate, password, versionId, createdBy, createdDate, updatedBy, updatedDate, activeStatus, txnAccessCode, userId FROM ast_UserData_TP WHERE (userId = ?)
	bind => [15A9CC37-1E5B-445A-A036-840951AA0FCC]
[EL Fine]: sql: 2016-05-25 06:44:45.72--ClientSession(9012277)--Connection(2115161558)--Thread(Thread[Test worker,5,main])--SELECT passRecoveryId, answer, questionId, versionId, createdBy, createdDate, updatedBy, updatedDate, activeStatus, txnAccessCode, userId FROM ast_PassRecovery_TP WHERE (userId = ?)
	bind => [15A9CC37-1E5B-445A-A036-840951AA0FCC]
[EL Fine]: sql: 2016-05-25 06:44:45.722--ClientSession(9012277)--Connection(2115161558)--Thread(Thread[Test worker,5,main])--DELETE FROM ast_UserData_TP WHERE ((userDataId = ?) AND (versionId = ?))
	bind => [117F8088-CE8B-47A5-8488-1A9AAE311DA5, 1]
[EL Fine]: sql: 2016-05-25 06:44:45.723--ClientSession(9012277)--Connection(2115161558)--Thread(Thread[Test worker,5,main])--DELETE FROM ast_PassRecovery_TP WHERE ((passRecoveryId = ?) AND (versionId = ?))
	bind => [49256EA3-9D99-4D64-BEAF-75C9A51C51A7, 1]
[EL Fine]: sql: 2016-05-25 06:44:45.724--ClientSession(9012277)--Connection(2115161558)--Thread(Thread[Test worker,5,main])--DELETE FROM ast_User_T WHERE ((userId = ?) AND (versionId = ?))
	bind => [15A9CC37-1E5B-445A-A036-840951AA0FCC, 1]
[EL Fine]: sql: 2016-05-25 06:44:45.803--ClientSession(564054165)--Connection(2115161558)--Thread(Thread[Test worker,5,main])--SELECT questionId, levelid, question, questionDetails, questionIcon, versionId, createdBy, createdDate, updatedBy, updatedDate, activeStatus, txnAccessCode FROM ast_Question_M WHERE (questionId = ?)
	bind => [64B766A5-6706-44E3-9009-B7162B515003]
[EL Fine]: sql: 2016-05-25 06:44:45.807--ClientSession(564054165)--Connection(2115161558)--Thread(Thread[Test worker,5,main])--DELETE FROM ast_Question_M WHERE ((questionId = ?) AND (versionId = ?))
	bind => [64B766A5-6706-44E3-9009-B7162B515003, 1]
[EL Fine]: sql: 2016-05-25 06:44:45.936--ClientSession(914727520)--Connection(2115161558)--Thread(Thread[Test worker,5,main])--SELECT userAccessLevelId, levelDescription, levelHelp, levelIcon, levelName, userAccessLevel, versionId, createdBy, createdDate, updatedBy, updatedDate, activeStatus, txnAccessCode FROM ast_UserAccessLevel_M WHERE (userAccessLevelId = ?)
	bind => [32B025D1-3725-45DB-A561-8AD01CF38395]
[EL Fine]: sql: 2016-05-25 06:44:45.938--ClientSession(914727520)--Connection(2115161558)--Thread(Thread[Test worker,5,main])--DELETE FROM ast_UserAccessLevel_M WHERE ((userAccessLevelId = ?) AND (versionId = ?))
	bind => [32B025D1-3725-45DB-A561-8AD01CF38395, 1]
[EL Fine]: sql: 2016-05-25 06:44:45.991--ClientSession(1388355323)--Connection(2115161558)--Thread(Thread[Test worker,5,main])--SELECT userAccessDomainId, domainDescription, domainHelp, domainIcon, domainName, userAccessDomain, versionId, createdBy, createdDate, updatedBy, updatedDate, activeStatus, txnAccessCode FROM ast_UserAccessDomain_M WHERE (userAccessDomainId = ?)
	bind => [7289294A-74CC-4266-9ACD-D6C23FB870B9]
[EL Fine]: sql: 2016-05-25 06:44:45.993--ClientSession(1388355323)--Connection(2115161558)--Thread(Thread[Test worker,5,main])--DELETE FROM ast_UserAccessDomain_M WHERE ((userAccessDomainId = ?) AND (versionId = ?))
	bind => [7289294A-74CC-4266-9ACD-D6C23FB870B9, 1]
]]></system-out>
  <system-err><![CDATA[log4j:WARN No appenders could be found for logger (org.springframework.test.context.junit4.SpringJUnit4ClassRunner).
log4j:WARN Please initialize the log4j system properly.
log4j:WARN See http://logging.apache.org/log4j/1.2/faq.html#noconfig for more info.
]]></system-err>
</testsuite>
